<?xml version="1.0" encoding="UTF-8"?>
<!-- Generated by org.testng.reporters.JUnitXMLReporter -->
<testsuite hostname="DESKTOP-4SC5RBR" ignored="0" name="Different Actions on window" tests="2" failures="0" timestamp="2020-05-29T01:49:49 IST" time="10.797" errors="0">
  <testcase name="Upload_File_Using_Send_Keys" time="5.118" classname="com.infy.practice.testcases.DifferentActions"/>
  <testcase name="Window_Authorization" time="5.304" classname="com.infy.practice.testcases.DifferentActions"/>
</testsuite> <!-- Different Actions on window -->
