<?xml version="1.0" encoding="UTF-8"?>
<!-- Generated by org.testng.reporters.JUnitXMLReporter -->
<testsuite hostname="DESKTOP-4SC5RBR" ignored="0" name="Different Actions on window" tests="2" failures="0" timestamp="2020-05-28T22:09:37 IST" time="9.972" errors="0">
  <testcase name="Upload_File_Using_Send_Keys" time="4.443" classname="com.infy.practice.testcases.DifferentActions"/>
  <testcase name="Window_Authorization" time="5.195" classname="com.infy.practice.testcases.DifferentActions"/>
</testsuite> <!-- Different Actions on window -->
