<?xml version="1.0" encoding="UTF-8"?>
<!-- Generated by org.testng.reporters.JUnitXMLReporter -->
<testsuite hostname="DESKTOP-4SC5RBR" ignored="4" name="XYZ BANK" tests="10" failures="1" timestamp="2020-05-29T01:49:38 IST" time="31.408" errors="0">
  <testcase name="Create_New_Customer" time="3.578" classname="com.infy.practice.testcases.CreateDeleteCustFunctionality"/>
  <testcase name="Verify_Newly_Created_Customer_In_Customer_Table" time="1.314" classname="com.infy.practice.testcases.CreateDeleteCustFunctionality"/>
  <testcase name="Delete_Newly_Created_Customer" time="1.402" classname="com.infy.practice.testcases.CreateDeleteCustFunctionality"/>
  <testcase name="Create_New_Customer_Open_A_Dollar_Account_And_Verify" time="3.591" classname="com.infy.practice.testcases.OpenAccountFunctionality"/>
  <testcase name="Create_New_Customer_Open_A_Pound_Account_And_Verify" time="3.035" classname="com.infy.practice.testcases.OpenAccountFunctionality"/>
  <testcase name="Create_New_Customer_Open_A_Rupee_Account_And_Verify" time="2.976" classname="com.infy.practice.testcases.OpenAccountFunctionality"/>
  <testcase name="Verify_Initial_Account_Balance" time="1.241" classname="com.infy.practice.testcases.DepositWithdrawFunctionality"/>
  <testcase name="Deposit_Amount_And_Verify" time="0.716" classname="com.infy.practice.testcases.DepositWithdrawFunctionality"/>
  <testcase name="Withdraw_Amount_And_Verify" time="0.737" classname="com.infy.practice.testcases.DepositWithdrawFunctionality"/>
  <testcase name="Withdraw_Amount_More_Than_Balance" time="10.461" classname="com.infy.practice.testcases.DepositWithdrawFunctionality">
    <failure type="java.lang.AssertionError" message="expected [500] but found [600]">
      <![CDATA[java.lang.AssertionError: expected [500] but found [600]
at com.infy.practice.pageobjects.UserHomePage.verifyAmountAfterWithdrawFailure(UserHomePage.java:135)
at com.infy.practice.testcases.DepositWithdrawFunctionality.Withdraw_Amount_More_Than_Balance(DepositWithdrawFunctionality.java:51)
at java.util.ArrayList.forEach(ArrayList.java:1249)
... Removed 31 stack frames]]>
    </failure>
  </testcase> <!-- Withdraw_Amount_More_Than_Balance -->
  <testcase name="@BeforeSuite setUp" time="0.0" classname="com.infy.practice.base.TestBase">
    <ignored/>
  </testcase> <!-- @BeforeSuite setUp -->
  <testcase name="@BeforeSuite setUp" time="0.0" classname="com.infy.practice.base.TestBase">
    <ignored/>
  </testcase> <!-- @BeforeSuite setUp -->
  <testcase name="@AfterSuite tearDown" time="0.0" classname="com.infy.practice.base.TestBase">
    <ignored/>
  </testcase> <!-- @AfterSuite tearDown -->
  <testcase name="@AfterSuite tearDown" time="0.0" classname="com.infy.practice.base.TestBase">
    <ignored/>
  </testcase> <!-- @AfterSuite tearDown -->
</testsuite> <!-- XYZ BANK -->
