<?xml version="1.0" encoding="UTF-8"?>
<testng-results skipped="0" failed="0" ignored="4" total="16" passed="12">
  <reporter-output>
  </reporter-output>
  <suite name="All Test Suite" duration-ms="65905" started-at="2020-06-01T19:46:54 IST" finished-at="2020-06-01T19:48:00 IST">
    <groups>
    </groups>
    <test name="XYZ BANK" duration-ms="33705" started-at="2020-06-01T19:46:54 IST" finished-at="2020-06-01T19:47:28 IST">
      <class name="com.infy.practice.testcases.DepositWithdrawFunctionality">
        <test-method status="PASS" signature="PageObjectsInitialization()[pri:0, instance:com.infy.practice.testcases.DepositWithdrawFunctionality@15bfd87]" name="PageObjectsInitialization" is-config="true" duration-ms="8" started-at="2020-06-01T19:47:14 IST" finished-at="2020-06-01T19:47:14 IST">
          <reporter-output>
          </reporter-output>
        </test-method> <!-- PageObjectsInitialization -->
        <test-method status="PASS" signature="Verify_Initial_Account_Balance()[pri:0, instance:com.infy.practice.testcases.DepositWithdrawFunctionality@15bfd87]" name="Verify_Initial_Account_Balance" duration-ms="1206" started-at="2020-06-01T19:47:14 IST" finished-at="2020-06-01T19:47:15 IST">
          <reporter-output>
          </reporter-output>
        </test-method> <!-- Verify_Initial_Account_Balance -->
        <test-method status="PASS" signature="Deposit_Amount_And_Verify()[pri:0, instance:com.infy.practice.testcases.DepositWithdrawFunctionality@15bfd87]" name="Deposit_Amount_And_Verify" duration-ms="671" started-at="2020-06-01T19:47:15 IST" depends-on-methods="com.infy.practice.testcases.DepositWithdrawFunctionality.Verify_Initial_Account_Balance" finished-at="2020-06-01T19:47:16 IST">
          <reporter-output>
          </reporter-output>
        </test-method> <!-- Deposit_Amount_And_Verify -->
        <test-method status="PASS" signature="Withdraw_Amount_And_Verify()[pri:0, instance:com.infy.practice.testcases.DepositWithdrawFunctionality@15bfd87]" name="Withdraw_Amount_And_Verify" duration-ms="651" started-at="2020-06-01T19:47:16 IST" depends-on-methods="com.infy.practice.testcases.DepositWithdrawFunctionality.Deposit_Amount_And_Verify" finished-at="2020-06-01T19:47:16 IST">
          <reporter-output>
          </reporter-output>
        </test-method> <!-- Withdraw_Amount_And_Verify -->
        <test-method status="PASS" signature="Withdraw_Amount_More_Than_Balance()[pri:0, instance:com.infy.practice.testcases.DepositWithdrawFunctionality@15bfd87]" name="Withdraw_Amount_More_Than_Balance" duration-ms="10725" started-at="2020-06-01T19:47:17 IST" depends-on-methods="com.infy.practice.testcases.DepositWithdrawFunctionality.Withdraw_Amount_And_Verify" finished-at="2020-06-01T19:47:27 IST">
          <reporter-output>
          </reporter-output>
        </test-method> <!-- Withdraw_Amount_More_Than_Balance -->
      </class> <!-- com.infy.practice.testcases.DepositWithdrawFunctionality -->
      <class name="com.infy.practice.testcases.OpenAccountFunctionality">
        <test-method status="PASS" signature="PageObjectsInitialization()[pri:0, instance:com.infy.practice.testcases.OpenAccountFunctionality@5427c60c]" name="PageObjectsInitialization" is-config="true" duration-ms="5" started-at="2020-06-01T19:47:02 IST" finished-at="2020-06-01T19:47:02 IST">
          <reporter-output>
          </reporter-output>
        </test-method> <!-- PageObjectsInitialization -->
        <test-method status="PASS" signature="Create_New_Customer_Open_A_Dollar_Account_And_Verify()[pri:0, instance:com.infy.practice.testcases.OpenAccountFunctionality@5427c60c]" name="Create_New_Customer_Open_A_Dollar_Account_And_Verify" duration-ms="3543" started-at="2020-06-01T19:47:02 IST" finished-at="2020-06-01T19:47:06 IST">
          <reporter-output>
          </reporter-output>
        </test-method> <!-- Create_New_Customer_Open_A_Dollar_Account_And_Verify -->
        <test-method status="PASS" signature="Create_New_Customer_Open_A_Pound_Account_And_Verify()[pri:0, instance:com.infy.practice.testcases.OpenAccountFunctionality@5427c60c]" name="Create_New_Customer_Open_A_Pound_Account_And_Verify" duration-ms="3490" started-at="2020-06-01T19:47:06 IST" finished-at="2020-06-01T19:47:10 IST">
          <reporter-output>
          </reporter-output>
        </test-method> <!-- Create_New_Customer_Open_A_Pound_Account_And_Verify -->
        <test-method status="PASS" signature="Create_New_Customer_Open_A_Rupee_Account_And_Verify()[pri:0, instance:com.infy.practice.testcases.OpenAccountFunctionality@5427c60c]" name="Create_New_Customer_Open_A_Rupee_Account_And_Verify" duration-ms="3607" started-at="2020-06-01T19:47:10 IST" finished-at="2020-06-01T19:47:13 IST">
          <reporter-output>
          </reporter-output>
        </test-method> <!-- Create_New_Customer_Open_A_Rupee_Account_And_Verify -->
      </class> <!-- com.infy.practice.testcases.OpenAccountFunctionality -->
      <class name="com.infy.practice.testcases.CreateDeleteCustFunctionality">
        <test-method status="PASS" signature="PageObjectsInitialization()[pri:0, instance:com.infy.practice.testcases.CreateDeleteCustFunctionality@80169cf]" name="PageObjectsInitialization" is-config="true" duration-ms="73" started-at="2020-06-01T19:46:54 IST" finished-at="2020-06-01T19:46:54 IST">
          <reporter-output>
          </reporter-output>
        </test-method> <!-- PageObjectsInitialization -->
        <test-method status="PASS" signature="Create_New_Customer()[pri:1, instance:com.infy.practice.testcases.CreateDeleteCustFunctionality@80169cf]" name="Create_New_Customer" duration-ms="4640" started-at="2020-06-01T19:46:54 IST" finished-at="2020-06-01T19:46:59 IST">
          <reporter-output>
          </reporter-output>
        </test-method> <!-- Create_New_Customer -->
        <test-method status="PASS" signature="Verify_Newly_Created_Customer_In_Customer_Table()[pri:2, instance:com.infy.practice.testcases.CreateDeleteCustFunctionality@80169cf]" name="Verify_Newly_Created_Customer_In_Customer_Table" duration-ms="1410" started-at="2020-06-01T19:46:59 IST" depends-on-methods="com.infy.practice.testcases.CreateDeleteCustFunctionality.Create_New_Customer" finished-at="2020-06-01T19:47:01 IST">
          <reporter-output>
          </reporter-output>
        </test-method> <!-- Verify_Newly_Created_Customer_In_Customer_Table -->
        <test-method status="PASS" signature="Delete_Newly_Created_Customer()[pri:3, instance:com.infy.practice.testcases.CreateDeleteCustFunctionality@80169cf]" name="Delete_Newly_Created_Customer" duration-ms="1326" started-at="2020-06-01T19:47:01 IST" depends-on-methods="com.infy.practice.testcases.CreateDeleteCustFunctionality.Create_New_Customer" finished-at="2020-06-01T19:47:02 IST">
          <reporter-output>
          </reporter-output>
        </test-method> <!-- Delete_Newly_Created_Customer -->
      </class> <!-- com.infy.practice.testcases.CreateDeleteCustFunctionality -->
    </test> <!-- XYZ BANK -->
    <test name="Different Actions on window" duration-ms="31607" started-at="2020-06-01T19:47:28 IST" finished-at="2020-06-01T19:48:00 IST">
      <class name="com.infy.practice.testcases.DifferentActions">
        <test-method status="PASS" signature="setUp()[pri:0, instance:com.infy.practice.testcases.DifferentActions@74294adb]" name="setUp" is-config="true" duration-ms="12350" started-at="2020-06-01T19:46:42 IST" finished-at="2020-06-01T19:46:54 IST">
          <reporter-output>
          </reporter-output>
        </test-method> <!-- setUp -->
        <test-method status="PASS" signature="Upload_File_Using_Send_Keys()[pri:0, instance:com.infy.practice.testcases.DifferentActions@74294adb]" name="Upload_File_Using_Send_Keys" duration-ms="9896" started-at="2020-06-01T19:47:28 IST" finished-at="2020-06-01T19:47:38 IST">
          <reporter-output>
          </reporter-output>
        </test-method> <!-- Upload_File_Using_Send_Keys -->
        <test-method status="PASS" signature="Window_Authorization()[pri:0, instance:com.infy.practice.testcases.DifferentActions@74294adb]" name="Window_Authorization" duration-ms="21402" started-at="2020-06-01T19:47:38 IST" finished-at="2020-06-01T19:48:00 IST">
          <reporter-output>
          </reporter-output>
        </test-method> <!-- Window_Authorization -->
        <test-method status="PASS" signature="tearDown()[pri:0, instance:com.infy.practice.testcases.DifferentActions@74294adb]" name="tearDown" is-config="true" duration-ms="2804" started-at="2020-06-01T19:48:00 IST" finished-at="2020-06-01T19:48:03 IST">
          <reporter-output>
          </reporter-output>
        </test-method> <!-- tearDown -->
      </class> <!-- com.infy.practice.testcases.DifferentActions -->
    </test> <!-- Different Actions on window -->
  </suite> <!-- All Test Suite -->
</testng-results>
