<?xml version="1.0" encoding="UTF-8"?>
<testsuite xmlns:xsi="http://www.w3.org/2001/XMLSchema-instance" xsi:noNamespaceSchemaLocation="https://maven.apache.org/surefire/maven-surefire-plugin/xsd/surefire-test-report-3.0.xsd" version="3.0" name="TestSuite" time="83.693" tests="12" errors="0" skipped="0" failures="0">
  <properties>
[...]
</properties>
  <testcase name="Create_New_Customer" classname="com.infy.practice.testcases.CreateDeleteCustFunctionality" time="4.034"/>
  <testcase name="Verify_Newly_Created_Customer_In_Customer_Table" classname="com.infy.practice.testcases.CreateDeleteCustFunctionality" time="1.552"/>
  <testcase name="Delete_Newly_Created_Customer" classname="com.infy.practice.testcases.CreateDeleteCustFunctionality" time="1.427"/>
  <testcase name="Create_New_Customer_Open_A_Dollar_Account_And_Verify" classname="com.infy.practice.testcases.OpenAccountFunctionality" time="3.673"/>
  <testcase name="Create_New_Customer_Open_A_Pound_Account_And_Verify" classname="com.infy.practice.testcases.OpenAccountFunctionality" time="3.587"/>
  <testcase name="Create_New_Customer_Open_A_Rupee_Account_And_Verify" classname="com.infy.practice.testcases.OpenAccountFunctionality" time="3.674"/>
  <testcase name="Verify_Initial_Account_Balance" classname="com.infy.practice.testcases.DepositWithdrawFunctionality" time="1.283"/>
  <testcase name="Deposit_Amount_And_Verify" classname="com.infy.practice.testcases.DepositWithdrawFunctionality" time="0.765"/>
  <testcase name="Withdraw_Amount_And_Verify" classname="com.infy.practice.testcases.DepositWithdrawFunctionality" time="0.775"/>
  <testcase name="Withdraw_Amount_More_Than_Balance" classname="com.infy.practice.testcases.DepositWithdrawFunctionality" time="10.886"/>
  <testcase name="Upload_File_Using_Send_Keys" classname="com.infy.practice.testcases.DifferentActions" time="9.967"/>
  <testcase name="Window_Authorization" classname="com.infy.practice.testcases.DifferentActions" time="21.554"/>
</testsuite>