<?xml version="1.0" encoding="UTF-8"?>
<testng-results skipped="0" failed="1" ignored="4" total="16" passed="11">
  <reporter-output>
  </reporter-output>
  <suite name="All Test Suite" duration-ms="42277" started-at="2020-05-29T01:49:06 IST" finished-at="2020-05-29T01:49:49 IST">
    <groups>
    </groups>
    <test name="XYZ BANK" duration-ms="31408" started-at="2020-05-29T01:49:06 IST" finished-at="2020-05-29T01:49:38 IST">
      <class name="com.infy.practice.testcases.OpenAccountFunctionality">
        <test-method status="PASS" signature="PageObjectsInitialization()[pri:0, instance:com.infy.practice.testcases.OpenAccountFunctionality@cb0ed20]" name="PageObjectsInitialization" is-config="true" duration-ms="8" started-at="2020-05-29T01:49:14 IST" finished-at="2020-05-29T01:49:14 IST">
          <reporter-output>
          </reporter-output>
        </test-method> <!-- PageObjectsInitialization -->
        <test-method status="PASS" signature="Create_New_Customer_Open_A_Dollar_Account_And_Verify()[pri:0, instance:com.infy.practice.testcases.OpenAccountFunctionality@cb0ed20]" name="Create_New_Customer_Open_A_Dollar_Account_And_Verify" duration-ms="3591" started-at="2020-05-29T01:49:14 IST" finished-at="2020-05-29T01:49:17 IST">
          <reporter-output>
          </reporter-output>
        </test-method> <!-- Create_New_Customer_Open_A_Dollar_Account_And_Verify -->
        <test-method status="PASS" signature="Create_New_Customer_Open_A_Pound_Account_And_Verify()[pri:0, instance:com.infy.practice.testcases.OpenAccountFunctionality@cb0ed20]" name="Create_New_Customer_Open_A_Pound_Account_And_Verify" duration-ms="3035" started-at="2020-05-29T01:49:18 IST" finished-at="2020-05-29T01:49:21 IST">
          <reporter-output>
          </reporter-output>
        </test-method> <!-- Create_New_Customer_Open_A_Pound_Account_And_Verify -->
        <test-method status="PASS" signature="Create_New_Customer_Open_A_Rupee_Account_And_Verify()[pri:0, instance:com.infy.practice.testcases.OpenAccountFunctionality@cb0ed20]" name="Create_New_Customer_Open_A_Rupee_Account_And_Verify" duration-ms="2976" started-at="2020-05-29T01:49:21 IST" finished-at="2020-05-29T01:49:24 IST">
          <reporter-output>
          </reporter-output>
        </test-method> <!-- Create_New_Customer_Open_A_Rupee_Account_And_Verify -->
      </class> <!-- com.infy.practice.testcases.OpenAccountFunctionality -->
      <class name="com.infy.practice.testcases.DepositWithdrawFunctionality">
        <test-method status="PASS" signature="PageObjectsInitialization()[pri:0, instance:com.infy.practice.testcases.DepositWithdrawFunctionality@8e24743]" name="PageObjectsInitialization" is-config="true" duration-ms="11" started-at="2020-05-29T01:49:24 IST" finished-at="2020-05-29T01:49:24 IST">
          <reporter-output>
          </reporter-output>
        </test-method> <!-- PageObjectsInitialization -->
        <test-method status="PASS" signature="Verify_Initial_Account_Balance()[pri:0, instance:com.infy.practice.testcases.DepositWithdrawFunctionality@8e24743]" name="Verify_Initial_Account_Balance" duration-ms="1241" started-at="2020-05-29T01:49:24 IST" finished-at="2020-05-29T01:49:25 IST">
          <reporter-output>
          </reporter-output>
        </test-method> <!-- Verify_Initial_Account_Balance -->
        <test-method status="PASS" signature="Deposit_Amount_And_Verify()[pri:0, instance:com.infy.practice.testcases.DepositWithdrawFunctionality@8e24743]" name="Deposit_Amount_And_Verify" duration-ms="716" started-at="2020-05-29T01:49:25 IST" depends-on-methods="com.infy.practice.testcases.DepositWithdrawFunctionality.Verify_Initial_Account_Balance" finished-at="2020-05-29T01:49:26 IST">
          <reporter-output>
          </reporter-output>
        </test-method> <!-- Deposit_Amount_And_Verify -->
        <test-method status="PASS" signature="Withdraw_Amount_And_Verify()[pri:0, instance:com.infy.practice.testcases.DepositWithdrawFunctionality@8e24743]" name="Withdraw_Amount_And_Verify" duration-ms="737" started-at="2020-05-29T01:49:26 IST" depends-on-methods="com.infy.practice.testcases.DepositWithdrawFunctionality.Deposit_Amount_And_Verify" finished-at="2020-05-29T01:49:27 IST">
          <reporter-output>
          </reporter-output>
        </test-method> <!-- Withdraw_Amount_And_Verify -->
        <test-method status="FAIL" signature="Withdraw_Amount_More_Than_Balance()[pri:0, instance:com.infy.practice.testcases.DepositWithdrawFunctionality@8e24743]" name="Withdraw_Amount_More_Than_Balance" duration-ms="10461" started-at="2020-05-29T01:49:27 IST" depends-on-methods="com.infy.practice.testcases.DepositWithdrawFunctionality.Withdraw_Amount_And_Verify" finished-at="2020-05-29T01:49:37 IST">
          <exception class="java.lang.AssertionError">
            <message>
              <![CDATA[expected [500] but found [600]]]>
            </message>
            <full-stacktrace>
              <![CDATA[java.lang.AssertionError: expected [500] but found [600]
at org.testng.Assert.fail(Assert.java:97)
at org.testng.Assert.assertEqualsImpl(Assert.java:136)
at org.testng.Assert.assertEquals(Assert.java:118)
at org.testng.Assert.assertEquals(Assert.java:575)
at org.testng.Assert.assertEquals(Assert.java:585)
at com.infy.practice.pageobjects.UserHomePage.verifyAmountAfterWithdrawFailure(UserHomePage.java:135)
at com.infy.practice.testcases.DepositWithdrawFunctionality.Withdraw_Amount_More_Than_Balance(DepositWithdrawFunctionality.java:51)
at sun.reflect.NativeMethodAccessorImpl.invoke0(Native Method)
at sun.reflect.NativeMethodAccessorImpl.invoke(NativeMethodAccessorImpl.java:62)
at sun.reflect.DelegatingMethodAccessorImpl.invoke(DelegatingMethodAccessorImpl.java:43)
at java.lang.reflect.Method.invoke(Method.java:498)
at org.testng.internal.MethodInvocationHelper.invokeMethod(MethodInvocationHelper.java:134)
at org.testng.internal.TestInvoker.invokeMethod(TestInvoker.java:597)
at org.testng.internal.TestInvoker.invokeTestMethod(TestInvoker.java:173)
at org.testng.internal.MethodRunner.runInSequence(MethodRunner.java:46)
at org.testng.internal.TestInvoker$MethodInvocationAgent.invoke(TestInvoker.java:816)
at org.testng.internal.TestInvoker.invokeTestMethods(TestInvoker.java:146)
at org.testng.internal.TestMethodWorker.invokeTestMethods(TestMethodWorker.java:146)
at org.testng.internal.TestMethodWorker.run(TestMethodWorker.java:128)
at java.util.ArrayList.forEach(ArrayList.java:1249)
at org.testng.TestRunner.privateRun(TestRunner.java:766)
at org.testng.TestRunner.run(TestRunner.java:587)
at org.testng.SuiteRunner.runTest(SuiteRunner.java:384)
at org.testng.SuiteRunner.runSequentially(SuiteRunner.java:378)
at org.testng.SuiteRunner.privateRun(SuiteRunner.java:337)
at org.testng.SuiteRunner.run(SuiteRunner.java:286)
at org.testng.SuiteRunnerWorker.runSuite(SuiteRunnerWorker.java:53)
at org.testng.SuiteRunnerWorker.run(SuiteRunnerWorker.java:96)
at org.testng.TestNG.runSuitesSequentially(TestNG.java:1187)
at org.testng.TestNG.runSuitesLocally(TestNG.java:1109)
at org.testng.TestNG.runSuites(TestNG.java:1039)
at org.testng.TestNG.run(TestNG.java:1007)
at org.testng.IDEARemoteTestNG.run(IDEARemoteTestNG.java:73)
at org.testng.RemoteTestNGStarter.main(RemoteTestNGStarter.java:123)
]]>
            </full-stacktrace>
          </exception> <!-- java.lang.AssertionError -->
          <reporter-output>
          </reporter-output>
        </test-method> <!-- Withdraw_Amount_More_Than_Balance -->
      </class> <!-- com.infy.practice.testcases.DepositWithdrawFunctionality -->
      <class name="com.infy.practice.testcases.CreateDeleteCustFunctionality">
        <test-method status="PASS" signature="PageObjectsInitialization()[pri:0, instance:com.infy.practice.testcases.CreateDeleteCustFunctionality@5891e32e]" name="PageObjectsInitialization" is-config="true" duration-ms="87" started-at="2020-05-29T01:49:06 IST" finished-at="2020-05-29T01:49:07 IST">
          <reporter-output>
          </reporter-output>
        </test-method> <!-- PageObjectsInitialization -->
        <test-method status="PASS" signature="Create_New_Customer()[pri:1, instance:com.infy.practice.testcases.CreateDeleteCustFunctionality@5891e32e]" name="Create_New_Customer" duration-ms="3578" started-at="2020-05-29T01:49:07 IST" finished-at="2020-05-29T01:49:10 IST">
          <reporter-output>
          </reporter-output>
        </test-method> <!-- Create_New_Customer -->
        <test-method status="PASS" signature="Verify_Newly_Created_Customer_In_Customer_Table()[pri:2, instance:com.infy.practice.testcases.CreateDeleteCustFunctionality@5891e32e]" name="Verify_Newly_Created_Customer_In_Customer_Table" duration-ms="1314" started-at="2020-05-29T01:49:11 IST" depends-on-methods="com.infy.practice.testcases.CreateDeleteCustFunctionality.Create_New_Customer" finished-at="2020-05-29T01:49:12 IST">
          <reporter-output>
          </reporter-output>
        </test-method> <!-- Verify_Newly_Created_Customer_In_Customer_Table -->
        <test-method status="PASS" signature="Delete_Newly_Created_Customer()[pri:3, instance:com.infy.practice.testcases.CreateDeleteCustFunctionality@5891e32e]" name="Delete_Newly_Created_Customer" duration-ms="1402" started-at="2020-05-29T01:49:12 IST" depends-on-methods="com.infy.practice.testcases.CreateDeleteCustFunctionality.Create_New_Customer" finished-at="2020-05-29T01:49:14 IST">
          <reporter-output>
          </reporter-output>
        </test-method> <!-- Delete_Newly_Created_Customer -->
      </class> <!-- com.infy.practice.testcases.CreateDeleteCustFunctionality -->
    </test> <!-- XYZ BANK -->
    <test name="Different Actions on window" duration-ms="10797" started-at="2020-05-29T01:49:38 IST" finished-at="2020-05-29T01:49:49 IST">
      <class name="com.infy.practice.testcases.DifferentActions">
        <test-method status="PASS" signature="setUp()[pri:0, instance:com.infy.practice.testcases.DifferentActions@704d6e83]" name="setUp" is-config="true" duration-ms="8081" started-at="2020-05-29T01:48:58 IST" finished-at="2020-05-29T01:49:06 IST">
          <reporter-output>
          </reporter-output>
        </test-method> <!-- setUp -->
        <test-method status="PASS" signature="Upload_File_Using_Send_Keys()[pri:0, instance:com.infy.practice.testcases.DifferentActions@704d6e83]" name="Upload_File_Using_Send_Keys" duration-ms="5118" started-at="2020-05-29T01:49:38 IST" finished-at="2020-05-29T01:49:43 IST">
          <reporter-output>
          </reporter-output>
        </test-method> <!-- Upload_File_Using_Send_Keys -->
        <test-method status="PASS" signature="Window_Authorization()[pri:0, instance:com.infy.practice.testcases.DifferentActions@704d6e83]" name="Window_Authorization" duration-ms="5304" started-at="2020-05-29T01:49:43 IST" finished-at="2020-05-29T01:49:49 IST">
          <reporter-output>
          </reporter-output>
        </test-method> <!-- Window_Authorization -->
        <test-method status="PASS" signature="tearDown()[pri:0, instance:com.infy.practice.testcases.DifferentActions@704d6e83]" name="tearDown" is-config="true" duration-ms="1411" started-at="2020-05-29T01:49:49 IST" finished-at="2020-05-29T01:49:50 IST">
          <reporter-output>
          </reporter-output>
        </test-method> <!-- tearDown -->
      </class> <!-- com.infy.practice.testcases.DifferentActions -->
    </test> <!-- Different Actions on window -->
  </suite> <!-- All Test Suite -->
</testng-results>
