<?xml version="1.0" encoding="UTF-8"?>
<!-- Generated by org.testng.reporters.JUnitXMLReporter -->
<testsuite hostname="DESKTOP-4SC5RBR" ignored="0" name="Different Actions on window" tests="2" failures="0" timestamp="2020-06-01T19:48:00 IST" time="31.607" errors="0">
  <testcase name="Upload_File_Using_Send_Keys" time="9.896" classname="com.infy.practice.testcases.DifferentActions"/>
  <testcase name="Window_Authorization" time="21.402" classname="com.infy.practice.testcases.DifferentActions"/>
</testsuite> <!-- Different Actions on window -->
