<?xml version="1.0" encoding="UTF-8"?>
<!-- Generated by org.testng.reporters.JUnitXMLReporter -->
<testsuite hostname="DESKTOP-4SC5RBR" ignored="4" name="XYZ BANK" tests="10" failures="0" timestamp="2020-06-01T19:47:28 IST" time="33.705" errors="0">
  <testcase name="Create_New_Customer" time="4.64" classname="com.infy.practice.testcases.CreateDeleteCustFunctionality"/>
  <testcase name="Verify_Newly_Created_Customer_In_Customer_Table" time="1.41" classname="com.infy.practice.testcases.CreateDeleteCustFunctionality"/>
  <testcase name="Delete_Newly_Created_Customer" time="1.326" classname="com.infy.practice.testcases.CreateDeleteCustFunctionality"/>
  <testcase name="Create_New_Customer_Open_A_Dollar_Account_And_Verify" time="3.543" classname="com.infy.practice.testcases.OpenAccountFunctionality"/>
  <testcase name="Create_New_Customer_Open_A_Pound_Account_And_Verify" time="3.49" classname="com.infy.practice.testcases.OpenAccountFunctionality"/>
  <testcase name="Create_New_Customer_Open_A_Rupee_Account_And_Verify" time="3.607" classname="com.infy.practice.testcases.OpenAccountFunctionality"/>
  <testcase name="Verify_Initial_Account_Balance" time="1.206" classname="com.infy.practice.testcases.DepositWithdrawFunctionality"/>
  <testcase name="Deposit_Amount_And_Verify" time="0.671" classname="com.infy.practice.testcases.DepositWithdrawFunctionality"/>
  <testcase name="Withdraw_Amount_And_Verify" time="0.651" classname="com.infy.practice.testcases.DepositWithdrawFunctionality"/>
  <testcase name="Withdraw_Amount_More_Than_Balance" time="10.725" classname="com.infy.practice.testcases.DepositWithdrawFunctionality"/>
  <testcase name="@BeforeSuite setUp" time="0.0" classname="com.infy.practice.base.TestBase">
    <ignored/>
  </testcase> <!-- @BeforeSuite setUp -->
  <testcase name="@BeforeSuite setUp" time="0.0" classname="com.infy.practice.base.TestBase">
    <ignored/>
  </testcase> <!-- @BeforeSuite setUp -->
  <testcase name="@AfterSuite tearDown" time="0.0" classname="com.infy.practice.base.TestBase">
    <ignored/>
  </testcase> <!-- @AfterSuite tearDown -->
  <testcase name="@AfterSuite tearDown" time="0.0" classname="com.infy.practice.base.TestBase">
    <ignored/>
  </testcase> <!-- @AfterSuite tearDown -->
</testsuite> <!-- XYZ BANK -->
